<?xml version="1.0" encoding="UTF-8"?>
<testng-results skipped="0" failed="0" ignored="0" total="1" passed="1">
  <reporter-output>
  </reporter-output>
  <suite name="Default suite" duration-ms="37394" started-at="2019-03-07T09:50:52Z" finished-at="2019-03-07T09:51:29Z">
    <groups>
    </groups>
    <test name="Default test" duration-ms="37394" started-at="2019-03-07T09:50:52Z" finished-at="2019-03-07T09:51:29Z">
      <class name="MavenProject.google">
        <test-method status="PASS" signature="LaunchBrowser()[pri:0, instance:MavenProject.google@7c16905e]" name="LaunchBrowser" is-config="true" duration-ms="36694" started-at="2019-03-07T15:20:52Z" finished-at="2019-03-07T15:21:29Z">
          <reporter-output>
          </reporter-output>
        </test-method> <!-- LaunchBrowser -->
        <test-method status="PASS" signature="LauchTest()[pri:0, instance:MavenProject.google@7c16905e]" name="LauchTest" duration-ms="29" started-at="2019-03-07T15:21:29Z" finished-at="2019-03-07T15:21:29Z">
          <reporter-output>
          </reporter-output>
        </test-method> <!-- LauchTest -->
        <test-method status="PASS" signature="CloseBrowser()[pri:0, instance:MavenProject.google@7c16905e]" name="CloseBrowser" is-config="true" duration-ms="639" started-at="2019-03-07T15:21:29Z" finished-at="2019-03-07T15:21:29Z">
          <reporter-output>
          </reporter-output>
        </test-method> <!-- CloseBrowser -->
      </class> <!-- MavenProject.google -->
    </test> <!-- Default test -->
  </suite> <!-- Default suite -->
</testng-results>
